{"level":"info","time":"2020-12-01T23:36:37.786+0800","linenum":"/home/jacksie/YearEndProject/service/log/log.go:69","msg":"api server function called","serviceName":"crawler"}
{"level":"info","time":"2020-12-01T23:39:11.574+0800","linenum":"/home/jacksie/YearEndProject/service/log/log.go:69","msg":"api server function called","serviceName":"crawler"}
{"level":"error","time":"2020-12-01T23:39:11.575+0800","linenum":"/home/jacksie/YearEndProject/service/log/log.go:84","msg":"Database error.","serviceName":"crawler","cause":"Error 1103: Incorrect table name ''","source":"/home/jacksie/YearEndProject/service/handler/data.go:25"}
{"level":"info","time":"2020-12-01T23:41:20.839+0800","linenum":"/home/jacksie/YearEndProject/service/log/log.go:69","msg":"api server function called","serviceName":"crawler"}
{"level":"info","time":"2020-12-01T23:51:37.887+0800","linenum":"/home/jacksie/YearEndProject/service/log/log.go:69","msg":"api server function called","serviceName":"crawler"}
{"level":"info","time":"2020-12-02T19:53:59.400+0800","linenum":"/home/jacksie/YearEndProject/service/log/log.go:69","msg":"api server function called","serviceName":"crawler"}
{"level":"info","time":"2020-12-02T20:30:53.320+0800","linenum":"/home/jacksie/YearEndProject/service/log/log.go:69","msg":"api server function called","serviceName":"crawler"}
{"level":"info","time":"2020-12-02T21:13:11.695+0800","linenum":"/home/jacksie/YearEndProject/service/log/log.go:69","msg":"api server function called","serviceName":"crawler"}
{"level":"info","time":"2020-12-02T21:20:54.561+0800","linenum":"/home/jacksie/YearEndProject/service/log/log.go:69","msg":"api server function called","serviceName":"crawler"}
{"level":"info","time":"2020-12-02T21:21:49.523+0800","linenum":"/home/jacksie/YearEndProject/service/log/log.go:69","msg":"api server function called","serviceName":"crawler"}
{"level":"info","time":"2020-12-02T23:43:15.619+0800","linenum":"/home/jacksie/YearEndProject/service/log/log.go:69","msg":"api server function called","serviceName":"crawler"}
{"level":"info","time":"2020-12-02T23:43:15.623+0800","linenum":"/home/jacksie/YearEndProject/service/log/log.go:69","msg":"OK","serviceName":"crawler"}
{"level":"info","time":"2020-12-03T08:37:44.174+0800","linenum":"/home/jacksie/YearEndProject/service/log/log.go:69","msg":"Start to listening the incoming requests on http address: ","serviceName":"crawler"}
{"level":"fatal","time":"2020-12-03T08:37:44.175+0800","linenum":"/home/jacksie/YearEndProject/service/log/log.go:74","msg":"The router has no response, or it might took too long to start up.","serviceName":"crawler","reason":"Cannot connect to the router."}
{"level":"info","time":"2020-12-03T08:41:35.480+0800","linenum":"/home/jacksie/YearEndProject/service/log/log.go:69","msg":"Start to listening the incoming requests on http address: :8899","serviceName":"crawler"}
{"level":"info","time":"2020-12-03T08:41:35.481+0800","linenum":"/home/jacksie/YearEndProject/service/log/log.go:69","msg":"The router has been deployed successfully.","serviceName":"crawler"}
{"level":"error","time":"2020-12-03T08:41:41.370+0800","linenum":"/home/jacksie/YearEndProject/service/log/log.go:84","msg":"JSON unmarshal failed","serviceName":"crawler","reason":"unexpected end of JSON input","detail":"response body can not unmarshal to model.Response struct, body: ``"}
{"level":"info","time":"2020-12-03T08:41:41.370+0800","linenum":"/home/jacksie/YearEndProject/service/log/log.go:69","msg":"149.046µs     | ::1          | GET /data | {code: 10001, message: unexpected end of JSON input}","serviceName":"crawler"}
{"level":"info","time":"2020-12-03T08:50:07.126+0800","linenum":"/home/jacksie/YearEndProject/service/log/log.go:69","msg":"Start to listening the incoming requests on http address: :8899","serviceName":"server"}
{"level":"info","time":"2020-12-03T08:50:07.127+0800","linenum":"/home/jacksie/YearEndProject/service/log/log.go:69","msg":"The router has been deployed successfully.","serviceName":"server"}
{"level":"error","time":"2020-12-03T08:50:10.466+0800","linenum":"/home/jacksie/YearEndProject/service/log/log.go:84","msg":"JSON unmarshal failed","serviceName":"server","reason":"unexpected end of JSON input","detail":"response body can not unmarshal to model.Response struct, body: ``"}
{"level":"info","time":"2020-12-03T08:50:10.466+0800","linenum":"/home/jacksie/YearEndProject/service/log/log.go:69","msg":"59.561µs      | ::1          | GET /data | {code: 10001, message: unexpected end of JSON input}","serviceName":"server"}
{"level":"info","time":"2020-12-03T08:51:05.178+0800","linenum":"/home/jacksie/YearEndProject/service/log/log.go:69","msg":"Start to listening the incoming requests on http address: :8899","serviceName":"server"}
{"level":"info","time":"2020-12-03T08:51:05.179+0800","linenum":"/home/jacksie/YearEndProject/service/log/log.go:69","msg":"The router has been deployed successfully.","serviceName":"server"}
{"level":"info","time":"2020-12-03T08:51:55.232+0800","linenum":"/home/jacksie/YearEndProject/service/log/log.go:69","msg":"Start to listening the incoming requests on http address: :8899","serviceName":"server"}
{"level":"info","time":"2020-12-03T08:51:55.233+0800","linenum":"/home/jacksie/YearEndProject/service/log/log.go:69","msg":"The router has been deployed successfully.","serviceName":"server"}
{"level":"info","time":"2020-12-03T08:52:04.025+0800","linenum":"/home/jacksie/YearEndProject/service/log/log.go:69","msg":"api server function called","serviceName":"server"}
{"level":"info","time":"2020-12-03T08:52:04.089+0800","linenum":"/home/jacksie/YearEndProject/service/log/log.go:69","msg":"OK","serviceName":"server"}
{"level":"info","time":"2020-12-03T08:52:04.090+0800","linenum":"/home/jacksie/YearEndProject/service/log/log.go:69","msg":"65.148316ms   | ::1          | GET /api/v1/data | {code: 0, message: OK}","serviceName":"server"}
{"level":"info","time":"2020-12-03T08:57:41.694+0800","linenum":"/home/jacksie/YearEndProject/service/log/log.go:69","msg":"Start to listening the incoming requests on http address: :8899","serviceName":"server"}
{"level":"info","time":"2020-12-03T08:57:41.695+0800","linenum":"/home/jacksie/YearEndProject/service/log/log.go:69","msg":"The router has been deployed successfully.","serviceName":"server"}
{"level":"info","time":"2020-12-03T08:57:46.484+0800","linenum":"/home/jacksie/YearEndProject/service/log/log.go:69","msg":"api server function called","serviceName":"server"}
{"level":"info","time":"2020-12-03T08:57:46.489+0800","linenum":"/home/jacksie/YearEndProject/service/log/log.go:69","msg":"OK","serviceName":"server"}
{"level":"info","time":"2020-12-03T08:57:46.489+0800","linenum":"/home/jacksie/YearEndProject/service/log/log.go:69","msg":"5.621477ms    | ::1          | GET /api/v1/data | {code: 0, message: OK}","serviceName":"server"}
{"level":"info","time":"2020-12-03T08:57:51.144+0800","linenum":"/home/jacksie/YearEndProject/service/log/log.go:69","msg":"api server function called","serviceName":"server"}
{"level":"info","time":"2020-12-03T08:57:51.151+0800","linenum":"/home/jacksie/YearEndProject/service/log/log.go:69","msg":"OK","serviceName":"server"}
{"level":"info","time":"2020-12-03T08:57:51.151+0800","linenum":"/home/jacksie/YearEndProject/service/log/log.go:69","msg":"6.514206ms    | ::1          | GET /api/v1/data | {code: 0, message: OK}","serviceName":"server"}
{"level":"info","time":"2020-12-03T08:57:52.200+0800","linenum":"/home/jacksie/YearEndProject/service/log/log.go:69","msg":"api server function called","serviceName":"server"}
{"level":"info","time":"2020-12-03T08:57:52.204+0800","linenum":"/home/jacksie/YearEndProject/service/log/log.go:69","msg":"OK","serviceName":"server"}
{"level":"info","time":"2020-12-03T08:57:52.204+0800","linenum":"/home/jacksie/YearEndProject/service/log/log.go:69","msg":"4.960019ms    | ::1          | GET /api/v1/data | {code: 0, message: OK}","serviceName":"server"}
{"level":"info","time":"2020-12-03T08:57:53.098+0800","linenum":"/home/jacksie/YearEndProject/service/log/log.go:69","msg":"api server function called","serviceName":"server"}
{"level":"info","time":"2020-12-03T08:57:53.104+0800","linenum":"/home/jacksie/YearEndProject/service/log/log.go:69","msg":"OK","serviceName":"server"}
{"level":"info","time":"2020-12-03T08:57:53.105+0800","linenum":"/home/jacksie/YearEndProject/service/log/log.go:69","msg":"6.937436ms    | ::1          | GET /api/v1/data | {code: 0, message: OK}","serviceName":"server"}
{"level":"info","time":"2020-12-03T08:57:54.036+0800","linenum":"/home/jacksie/YearEndProject/service/log/log.go:69","msg":"api server function called","serviceName":"server"}
{"level":"info","time":"2020-12-03T08:57:54.040+0800","linenum":"/home/jacksie/YearEndProject/service/log/log.go:69","msg":"OK","serviceName":"server"}
{"level":"info","time":"2020-12-03T08:57:54.040+0800","linenum":"/home/jacksie/YearEndProject/service/log/log.go:69","msg":"4.486483ms    | ::1          | GET /api/v1/data | {code: 0, message: OK}","serviceName":"server"}
{"level":"info","time":"2020-12-03T08:57:54.982+0800","linenum":"/home/jacksie/YearEndProject/service/log/log.go:69","msg":"api server function called","serviceName":"server"}
{"level":"info","time":"2020-12-03T08:57:54.988+0800","linenum":"/home/jacksie/YearEndProject/service/log/log.go:69","msg":"OK","serviceName":"server"}
{"level":"info","time":"2020-12-03T08:57:54.988+0800","linenum":"/home/jacksie/YearEndProject/service/log/log.go:69","msg":"5.88028ms     | ::1          | GET /api/v1/data | {code: 0, message: OK}","serviceName":"server"}
{"level":"info","time":"2020-12-03T08:57:55.903+0800","linenum":"/home/jacksie/YearEndProject/service/log/log.go:69","msg":"api server function called","serviceName":"server"}
{"level":"info","time":"2020-12-03T08:57:55.908+0800","linenum":"/home/jacksie/YearEndProject/service/log/log.go:69","msg":"OK","serviceName":"server"}
{"level":"info","time":"2020-12-03T08:57:55.908+0800","linenum":"/home/jacksie/YearEndProject/service/log/log.go:69","msg":"5.31303ms     | ::1          | GET /api/v1/data | {code: 0, message: OK}","serviceName":"server"}
{"level":"info","time":"2020-12-03T08:57:56.979+0800","linenum":"/home/jacksie/YearEndProject/service/log/log.go:69","msg":"api server function called","serviceName":"server"}
{"level":"info","time":"2020-12-03T08:57:56.985+0800","linenum":"/home/jacksie/YearEndProject/service/log/log.go:69","msg":"OK","serviceName":"server"}
{"level":"info","time":"2020-12-03T08:57:56.986+0800","linenum":"/home/jacksie/YearEndProject/service/log/log.go:69","msg":"6.471523ms    | ::1          | GET /api/v1/data | {code: 0, message: OK}","serviceName":"server"}
{"level":"info","time":"2020-12-03T08:57:57.837+0800","linenum":"/home/jacksie/YearEndProject/service/log/log.go:69","msg":"api server function called","serviceName":"server"}
{"level":"info","time":"2020-12-03T08:57:57.843+0800","linenum":"/home/jacksie/YearEndProject/service/log/log.go:69","msg":"OK","serviceName":"server"}
{"level":"info","time":"2020-12-03T08:57:57.843+0800","linenum":"/home/jacksie/YearEndProject/service/log/log.go:69","msg":"5.622366ms    | ::1          | GET /api/v1/data | {code: 0, message: OK}","serviceName":"server"}
{"level":"info","time":"2020-12-03T08:57:58.919+0800","linenum":"/home/jacksie/YearEndProject/service/log/log.go:69","msg":"api server function called","serviceName":"server"}
{"level":"info","time":"2020-12-03T08:57:58.925+0800","linenum":"/home/jacksie/YearEndProject/service/log/log.go:69","msg":"OK","serviceName":"server"}
{"level":"info","time":"2020-12-03T08:57:58.925+0800","linenum":"/home/jacksie/YearEndProject/service/log/log.go:69","msg":"5.291232ms    | ::1          | GET /api/v1/data | {code: 0, message: OK}","serviceName":"server"}
{"level":"info","time":"2020-12-03T08:57:59.937+0800","linenum":"/home/jacksie/YearEndProject/service/log/log.go:69","msg":"api server function called","serviceName":"server"}
{"level":"info","time":"2020-12-03T08:57:59.941+0800","linenum":"/home/jacksie/YearEndProject/service/log/log.go:69","msg":"OK","serviceName":"server"}
{"level":"info","time":"2020-12-03T08:57:59.941+0800","linenum":"/home/jacksie/YearEndProject/service/log/log.go:69","msg":"4.019386ms    | ::1          | GET /api/v1/data | {code: 0, message: OK}","serviceName":"server"}
{"level":"info","time":"2020-12-03T08:58:00.924+0800","linenum":"/home/jacksie/YearEndProject/service/log/log.go:69","msg":"api server function called","serviceName":"server"}
{"level":"info","time":"2020-12-03T08:58:00.930+0800","linenum":"/home/jacksie/YearEndProject/service/log/log.go:69","msg":"OK","serviceName":"server"}
{"level":"info","time":"2020-12-03T08:58:00.930+0800","linenum":"/home/jacksie/YearEndProject/service/log/log.go:69","msg":"6.204973ms    | ::1          | GET /api/v1/data | {code: 0, message: OK}","serviceName":"server"}
{"level":"info","time":"2020-12-03T08:58:01.852+0800","linenum":"/home/jacksie/YearEndProject/service/log/log.go:69","msg":"api server function called","serviceName":"server"}
{"level":"info","time":"2020-12-03T08:58:01.857+0800","linenum":"/home/jacksie/YearEndProject/service/log/log.go:69","msg":"OK","serviceName":"server"}
{"level":"info","time":"2020-12-03T08:58:01.857+0800","linenum":"/home/jacksie/YearEndProject/service/log/log.go:69","msg":"5.40813ms     | ::1          | GET /api/v1/data | {code: 0, message: OK}","serviceName":"server"}
{"level":"info","time":"2020-12-03T08:58:02.659+0800","linenum":"/home/jacksie/YearEndProject/service/log/log.go:69","msg":"api server function called","serviceName":"server"}
{"level":"info","time":"2020-12-03T08:58:02.664+0800","linenum":"/home/jacksie/YearEndProject/service/log/log.go:69","msg":"OK","serviceName":"server"}
{"level":"info","time":"2020-12-03T08:58:02.664+0800","linenum":"/home/jacksie/YearEndProject/service/log/log.go:69","msg":"5.040777ms    | ::1          | GET /api/v1/data | {code: 0, message: OK}","serviceName":"server"}
{"level":"info","time":"2020-12-03T08:58:03.483+0800","linenum":"/home/jacksie/YearEndProject/service/log/log.go:69","msg":"api server function called","serviceName":"server"}
{"level":"info","time":"2020-12-03T08:58:03.492+0800","linenum":"/home/jacksie/YearEndProject/service/log/log.go:69","msg":"OK","serviceName":"server"}
{"level":"info","time":"2020-12-03T08:58:03.492+0800","linenum":"/home/jacksie/YearEndProject/service/log/log.go:69","msg":"8.547247ms    | ::1          | GET /api/v1/data | {code: 0, message: OK}","serviceName":"server"}
{"level":"info","time":"2020-12-03T08:58:04.376+0800","linenum":"/home/jacksie/YearEndProject/service/log/log.go:69","msg":"api server function called","serviceName":"server"}
{"level":"info","time":"2020-12-03T08:58:04.382+0800","linenum":"/home/jacksie/YearEndProject/service/log/log.go:69","msg":"OK","serviceName":"server"}
{"level":"info","time":"2020-12-03T08:58:04.383+0800","linenum":"/home/jacksie/YearEndProject/service/log/log.go:69","msg":"6.761916ms    | ::1          | GET /api/v1/data | {code: 0, message: OK}","serviceName":"server"}
{"level":"info","time":"2020-12-03T08:58:05.155+0800","linenum":"/home/jacksie/YearEndProject/service/log/log.go:69","msg":"api server function called","serviceName":"server"}
{"level":"info","time":"2020-12-03T08:58:05.160+0800","linenum":"/home/jacksie/YearEndProject/service/log/log.go:69","msg":"OK","serviceName":"server"}
{"level":"info","time":"2020-12-03T08:58:05.160+0800","linenum":"/home/jacksie/YearEndProject/service/log/log.go:69","msg":"5.532507ms    | ::1          | GET /api/v1/data | {code: 0, message: OK}","serviceName":"server"}
{"level":"info","time":"2020-12-03T08:58:05.992+0800","linenum":"/home/jacksie/YearEndProject/service/log/log.go:69","msg":"api server function called","serviceName":"server"}
{"level":"info","time":"2020-12-03T08:58:05.996+0800","linenum":"/home/jacksie/YearEndProject/service/log/log.go:69","msg":"OK","serviceName":"server"}
{"level":"info","time":"2020-12-03T08:58:05.996+0800","linenum":"/home/jacksie/YearEndProject/service/log/log.go:69","msg":"4.292437ms    | ::1          | GET /api/v1/data | {code: 0, message: OK}","serviceName":"server"}
{"level":"info","time":"2020-12-03T08:58:06.767+0800","linenum":"/home/jacksie/YearEndProject/service/log/log.go:69","msg":"api server function called","serviceName":"server"}
{"level":"info","time":"2020-12-03T08:58:06.773+0800","linenum":"/home/jacksie/YearEndProject/service/log/log.go:69","msg":"OK","serviceName":"server"}
{"level":"info","time":"2020-12-03T08:58:06.773+0800","linenum":"/home/jacksie/YearEndProject/service/log/log.go:69","msg":"5.940596ms    | ::1          | GET /api/v1/data | {code: 0, message: OK}","serviceName":"server"}
{"level":"info","time":"2020-12-03T08:58:07.577+0800","linenum":"/home/jacksie/YearEndProject/service/log/log.go:69","msg":"api server function called","serviceName":"server"}
{"level":"info","time":"2020-12-03T08:58:07.581+0800","linenum":"/home/jacksie/YearEndProject/service/log/log.go:69","msg":"OK","serviceName":"server"}
{"level":"info","time":"2020-12-03T08:58:07.581+0800","linenum":"/home/jacksie/YearEndProject/service/log/log.go:69","msg":"4.264219ms    | ::1          | GET /api/v1/data | {code: 0, message: OK}","serviceName":"server"}
{"level":"info","time":"2020-12-03T08:58:08.444+0800","linenum":"/home/jacksie/YearEndProject/service/log/log.go:69","msg":"api server function called","serviceName":"server"}
{"level":"info","time":"2020-12-03T08:58:08.451+0800","linenum":"/home/jacksie/YearEndProject/service/log/log.go:69","msg":"OK","serviceName":"server"}
{"level":"info","time":"2020-12-03T08:58:08.451+0800","linenum":"/home/jacksie/YearEndProject/service/log/log.go:69","msg":"6.363411ms    | ::1          | GET /api/v1/data | {code: 0, message: OK}","serviceName":"server"}
{"level":"info","time":"2020-12-03T11:52:59.123+0800","linenum":"/home/jacksie/YearEndProject/service/log/log.go:69","msg":"Start to listening the incoming requests on http address: :8899","serviceName":"server"}
{"level":"info","time":"2020-12-03T11:52:59.124+0800","linenum":"/home/jacksie/YearEndProject/service/log/log.go:69","msg":"Waiting for the router, retry in 1 second.","serviceName":"server"}
{"level":"info","time":"2020-12-03T11:53:00.126+0800","linenum":"/home/jacksie/YearEndProject/service/log/log.go:69","msg":"The router has been deployed successfully.","serviceName":"server"}
{"level":"info","time":"2020-12-03T11:53:04.875+0800","linenum":"/home/jacksie/YearEndProject/service/log/log.go:69","msg":"api server function called","serviceName":"server"}
{"level":"info","time":"2020-12-03T11:53:04.901+0800","linenum":"/home/jacksie/YearEndProject/service/log/log.go:69","msg":"OK","serviceName":"server"}
{"level":"info","time":"2020-12-03T11:53:04.902+0800","linenum":"/home/jacksie/YearEndProject/service/log/log.go:69","msg":"26.04016ms    | ::1          | GET /api/v1/data | {code: 0, message: OK}","serviceName":"server"}
{"level":"info","time":"2020-12-03T11:54:16.085+0800","linenum":"/home/jacksie/YearEndProject/service/log/log.go:69","msg":"api server function called","serviceName":"server"}
{"level":"info","time":"2020-12-03T11:54:16.094+0800","linenum":"/home/jacksie/YearEndProject/service/log/log.go:69","msg":"OK","serviceName":"server"}
{"level":"info","time":"2020-12-03T11:54:16.095+0800","linenum":"/home/jacksie/YearEndProject/service/log/log.go:69","msg":"9.68655ms     | ::1          | GET /api/v1/data | {code: 0, message: OK}","serviceName":"server"}
{"level":"info","time":"2020-12-03T11:54:17.051+0800","linenum":"/home/jacksie/YearEndProject/service/log/log.go:69","msg":"api server function called","serviceName":"server"}
{"level":"info","time":"2020-12-03T11:54:17.057+0800","linenum":"/home/jacksie/YearEndProject/service/log/log.go:69","msg":"OK","serviceName":"server"}
{"level":"info","time":"2020-12-03T11:54:17.057+0800","linenum":"/home/jacksie/YearEndProject/service/log/log.go:69","msg":"6.644066ms    | ::1          | GET /api/v1/data | {code: 0, message: OK}","serviceName":"server"}
{"level":"info","time":"2020-12-03T11:54:17.866+0800","linenum":"/home/jacksie/YearEndProject/service/log/log.go:69","msg":"api server function called","serviceName":"server"}
{"level":"info","time":"2020-12-03T11:54:17.870+0800","linenum":"/home/jacksie/YearEndProject/service/log/log.go:69","msg":"OK","serviceName":"server"}
{"level":"info","time":"2020-12-03T11:54:17.870+0800","linenum":"/home/jacksie/YearEndProject/service/log/log.go:69","msg":"4.33428ms     | ::1          | GET /api/v1/data | {code: 0, message: OK}","serviceName":"server"}
{"level":"info","time":"2020-12-03T11:54:18.652+0800","linenum":"/home/jacksie/YearEndProject/service/log/log.go:69","msg":"api server function called","serviceName":"server"}
{"level":"info","time":"2020-12-03T11:54:18.659+0800","linenum":"/home/jacksie/YearEndProject/service/log/log.go:69","msg":"OK","serviceName":"server"}
{"level":"info","time":"2020-12-03T11:54:18.659+0800","linenum":"/home/jacksie/YearEndProject/service/log/log.go:69","msg":"7.206631ms    | ::1          | GET /api/v1/data | {code: 0, message: OK}","serviceName":"server"}
{"level":"info","time":"2020-12-03T11:54:19.400+0800","linenum":"/home/jacksie/YearEndProject/service/log/log.go:69","msg":"api server function called","serviceName":"server"}
{"level":"info","time":"2020-12-03T11:54:19.404+0800","linenum":"/home/jacksie/YearEndProject/service/log/log.go:69","msg":"OK","serviceName":"server"}
{"level":"info","time":"2020-12-03T11:54:19.404+0800","linenum":"/home/jacksie/YearEndProject/service/log/log.go:69","msg":"4.536795ms    | ::1          | GET /api/v1/data | {code: 0, message: OK}","serviceName":"server"}
{"level":"info","time":"2020-12-03T11:54:20.249+0800","linenum":"/home/jacksie/YearEndProject/service/log/log.go:69","msg":"api server function called","serviceName":"server"}
{"level":"info","time":"2020-12-03T11:54:20.255+0800","linenum":"/home/jacksie/YearEndProject/service/log/log.go:69","msg":"OK","serviceName":"server"}
{"level":"info","time":"2020-12-03T11:54:20.256+0800","linenum":"/home/jacksie/YearEndProject/service/log/log.go:69","msg":"6.174136ms    | ::1          | GET /api/v1/data | {code: 0, message: OK}","serviceName":"server"}
{"level":"info","time":"2020-12-03T11:54:21.053+0800","linenum":"/home/jacksie/YearEndProject/service/log/log.go:69","msg":"api server function called","serviceName":"server"}
{"level":"info","time":"2020-12-03T11:54:21.060+0800","linenum":"/home/jacksie/YearEndProject/service/log/log.go:69","msg":"OK","serviceName":"server"}
{"level":"info","time":"2020-12-03T11:54:21.060+0800","linenum":"/home/jacksie/YearEndProject/service/log/log.go:69","msg":"6.815869ms    | ::1          | GET /api/v1/data | {code: 0, message: OK}","serviceName":"server"}
{"level":"info","time":"2020-12-03T11:54:21.846+0800","linenum":"/home/jacksie/YearEndProject/service/log/log.go:69","msg":"api server function called","serviceName":"server"}
{"level":"info","time":"2020-12-03T11:54:21.851+0800","linenum":"/home/jacksie/YearEndProject/service/log/log.go:69","msg":"OK","serviceName":"server"}
{"level":"info","time":"2020-12-03T11:54:21.851+0800","linenum":"/home/jacksie/YearEndProject/service/log/log.go:69","msg":"5.210059ms    | ::1          | GET /api/v1/data | {code: 0, message: OK}","serviceName":"server"}
{"level":"info","time":"2020-12-03T11:54:22.620+0800","linenum":"/home/jacksie/YearEndProject/service/log/log.go:69","msg":"api server function called","serviceName":"server"}
{"level":"info","time":"2020-12-03T11:54:22.628+0800","linenum":"/home/jacksie/YearEndProject/service/log/log.go:69","msg":"OK","serviceName":"server"}
{"level":"info","time":"2020-12-03T11:54:22.628+0800","linenum":"/home/jacksie/YearEndProject/service/log/log.go:69","msg":"7.960112ms    | ::1          | GET /api/v1/data | {code: 0, message: OK}","serviceName":"server"}
{"level":"info","time":"2020-12-03T11:54:23.410+0800","linenum":"/home/jacksie/YearEndProject/service/log/log.go:69","msg":"api server function called","serviceName":"server"}
{"level":"info","time":"2020-12-03T11:54:23.419+0800","linenum":"/home/jacksie/YearEndProject/service/log/log.go:69","msg":"OK","serviceName":"server"}
{"level":"info","time":"2020-12-03T11:54:23.419+0800","linenum":"/home/jacksie/YearEndProject/service/log/log.go:69","msg":"8.967366ms    | ::1          | GET /api/v1/data | {code: 0, message: OK}","serviceName":"server"}
{"level":"info","time":"2020-12-03T11:54:24.305+0800","linenum":"/home/jacksie/YearEndProject/service/log/log.go:69","msg":"api server function called","serviceName":"server"}
{"level":"info","time":"2020-12-03T11:54:24.317+0800","linenum":"/home/jacksie/YearEndProject/service/log/log.go:69","msg":"OK","serviceName":"server"}
{"level":"info","time":"2020-12-03T11:54:24.317+0800","linenum":"/home/jacksie/YearEndProject/service/log/log.go:69","msg":"11.975116ms   | ::1          | GET /api/v1/data | {code: 0, message: OK}","serviceName":"server"}
{"level":"info","time":"2020-12-03T11:54:25.177+0800","linenum":"/home/jacksie/YearEndProject/service/log/log.go:69","msg":"api server function called","serviceName":"server"}
{"level":"info","time":"2020-12-03T11:54:25.182+0800","linenum":"/home/jacksie/YearEndProject/service/log/log.go:69","msg":"OK","serviceName":"server"}
{"level":"info","time":"2020-12-03T11:54:25.182+0800","linenum":"/home/jacksie/YearEndProject/service/log/log.go:69","msg":"4.835201ms    | ::1          | GET /api/v1/data | {code: 0, message: OK}","serviceName":"server"}
{"level":"info","time":"2020-12-03T11:54:26.021+0800","linenum":"/home/jacksie/YearEndProject/service/log/log.go:69","msg":"api server function called","serviceName":"server"}
{"level":"info","time":"2020-12-03T11:54:26.027+0800","linenum":"/home/jacksie/YearEndProject/service/log/log.go:69","msg":"OK","serviceName":"server"}
{"level":"info","time":"2020-12-03T11:54:26.027+0800","linenum":"/home/jacksie/YearEndProject/service/log/log.go:69","msg":"5.672623ms    | ::1          | GET /api/v1/data | {code: 0, message: OK}","serviceName":"server"}
{"level":"info","time":"2020-12-03T11:54:26.947+0800","linenum":"/home/jacksie/YearEndProject/service/log/log.go:69","msg":"api server function called","serviceName":"server"}
{"level":"info","time":"2020-12-03T11:54:26.952+0800","linenum":"/home/jacksie/YearEndProject/service/log/log.go:69","msg":"OK","serviceName":"server"}
{"level":"info","time":"2020-12-03T11:54:26.952+0800","linenum":"/home/jacksie/YearEndProject/service/log/log.go:69","msg":"5.180779ms    | ::1          | GET /api/v1/data | {code: 0, message: OK}","serviceName":"server"}
{"level":"info","time":"2020-12-03T11:54:27.936+0800","linenum":"/home/jacksie/YearEndProject/service/log/log.go:69","msg":"api server function called","serviceName":"server"}
{"level":"info","time":"2020-12-03T11:54:27.939+0800","linenum":"/home/jacksie/YearEndProject/service/log/log.go:69","msg":"OK","serviceName":"server"}
{"level":"info","time":"2020-12-03T11:54:27.939+0800","linenum":"/home/jacksie/YearEndProject/service/log/log.go:69","msg":"3.559341ms    | ::1          | GET /api/v1/data | {code: 0, message: OK}","serviceName":"server"}
{"level":"info","time":"2020-12-03T11:54:28.779+0800","linenum":"/home/jacksie/YearEndProject/service/log/log.go:69","msg":"api server function called","serviceName":"server"}
{"level":"info","time":"2020-12-03T11:54:28.787+0800","linenum":"/home/jacksie/YearEndProject/service/log/log.go:69","msg":"OK","serviceName":"server"}
{"level":"info","time":"2020-12-03T11:54:28.787+0800","linenum":"/home/jacksie/YearEndProject/service/log/log.go:69","msg":"7.950039ms    | ::1          | GET /api/v1/data | {code: 0, message: OK}","serviceName":"server"}
{"level":"info","time":"2020-12-03T11:54:29.615+0800","linenum":"/home/jacksie/YearEndProject/service/log/log.go:69","msg":"api server function called","serviceName":"server"}
{"level":"info","time":"2020-12-03T11:54:29.621+0800","linenum":"/home/jacksie/YearEndProject/service/log/log.go:69","msg":"OK","serviceName":"server"}
{"level":"info","time":"2020-12-03T11:54:29.621+0800","linenum":"/home/jacksie/YearEndProject/service/log/log.go:69","msg":"5.948604ms    | ::1          | GET /api/v1/data | {code: 0, message: OK}","serviceName":"server"}
{"level":"info","time":"2020-12-03T11:54:30.565+0800","linenum":"/home/jacksie/YearEndProject/service/log/log.go:69","msg":"api server function called","serviceName":"server"}
{"level":"info","time":"2020-12-03T11:54:30.571+0800","linenum":"/home/jacksie/YearEndProject/service/log/log.go:69","msg":"OK","serviceName":"server"}
{"level":"info","time":"2020-12-03T11:54:30.571+0800","linenum":"/home/jacksie/YearEndProject/service/log/log.go:69","msg":"6.211194ms    | ::1          | GET /api/v1/data | {code: 0, message: OK}","serviceName":"server"}
{"level":"info","time":"2020-12-03T11:54:31.454+0800","linenum":"/home/jacksie/YearEndProject/service/log/log.go:69","msg":"api server function called","serviceName":"server"}
{"level":"info","time":"2020-12-03T11:54:31.457+0800","linenum":"/home/jacksie/YearEndProject/service/log/log.go:69","msg":"OK","serviceName":"server"}
{"level":"info","time":"2020-12-03T11:54:31.457+0800","linenum":"/home/jacksie/YearEndProject/service/log/log.go:69","msg":"3.695655ms    | ::1          | GET /api/v1/data | {code: 0, message: OK}","serviceName":"server"}
{"level":"info","time":"2020-12-03T11:54:32.421+0800","linenum":"/home/jacksie/YearEndProject/service/log/log.go:69","msg":"api server function called","serviceName":"server"}
{"level":"info","time":"2020-12-03T11:54:32.428+0800","linenum":"/home/jacksie/YearEndProject/service/log/log.go:69","msg":"OK","serviceName":"server"}
{"level":"info","time":"2020-12-03T11:54:32.428+0800","linenum":"/home/jacksie/YearEndProject/service/log/log.go:69","msg":"6.782228ms    | ::1          | GET /api/v1/data | {code: 0, message: OK}","serviceName":"server"}
{"level":"info","time":"2020-12-03T14:58:21.778+0800","linenum":"/home/jacksie/YearEndProject/service/log/log.go:69","msg":"Start to listening the incoming requests on http address: :8899","serviceName":"server"}
{"level":"info","time":"2020-12-03T14:58:21.779+0800","linenum":"/home/jacksie/YearEndProject/service/log/log.go:69","msg":"Waiting for the router, retry in 1 second.","serviceName":"server"}
{"level":"info","time":"2020-12-03T14:58:22.781+0800","linenum":"/home/jacksie/YearEndProject/service/log/log.go:69","msg":"The router has been deployed successfully.","serviceName":"server"}
{"level":"info","time":"2020-12-03T14:58:59.378+0800","linenum":"/home/jacksie/YearEndProject/service/log/log.go:69","msg":"api server function called","serviceName":"server"}
{"level":"info","time":"2020-12-03T14:58:59.396+0800","linenum":"/home/jacksie/YearEndProject/service/log/log.go:69","msg":"OK","serviceName":"server"}
{"level":"info","time":"2020-12-03T14:58:59.397+0800","linenum":"/home/jacksie/YearEndProject/service/log/log.go:69","msg":"19.115442ms   | ::1          | GET /api/v1/data | {code: 0, message: OK}","serviceName":"server"}
{"level":"info","time":"2020-12-03T15:02:35.957+0800","linenum":"/home/jacksie/YearEndProject/service/log/log.go:69","msg":"Start to listening the incoming requests on http address: :8899","serviceName":"server"}
{"level":"info","time":"2020-12-03T15:02:35.959+0800","linenum":"/home/jacksie/YearEndProject/service/log/log.go:69","msg":"The router has been deployed successfully.","serviceName":"server"}
{"level":"info","time":"2020-12-03T15:02:40.788+0800","linenum":"/home/jacksie/YearEndProject/service/log/log.go:69","msg":"Wrong number or password","serviceName":"server"}
{"level":"info","time":"2020-12-03T15:02:40.789+0800","linenum":"/home/jacksie/YearEndProject/service/log/log.go:69","msg":"159.57545ms   | ::1          | GET /api/v1/data | {code: 30001, message: Wrong number or password}","serviceName":"server"}
{"level":"info","time":"2020-12-03T15:05:09.478+0800","linenum":"/home/jacksie/YearEndProject/service/log/log.go:69","msg":"Wrong number or password","serviceName":"server"}
{"level":"info","time":"2020-12-03T15:05:09.478+0800","linenum":"/home/jacksie/YearEndProject/service/log/log.go:69","msg":"37.025029ms   | ::1          | GET /api/v1/data | {code: 30001, message: Wrong number or password}","serviceName":"server"}
{"level":"info","time":"2020-12-03T15:05:27.860+0800","linenum":"/home/jacksie/YearEndProject/service/log/log.go:69","msg":"Wrong number or password","serviceName":"server"}
{"level":"info","time":"2020-12-03T15:05:27.860+0800","linenum":"/home/jacksie/YearEndProject/service/log/log.go:69","msg":"18.487068ms   | ::1          | GET /api/v1/data | {code: 30001, message: Wrong number or password}","serviceName":"server"}
{"level":"info","time":"2020-12-03T15:06:48.684+0800","linenum":"/home/jacksie/YearEndProject/service/log/log.go:69","msg":"Start to listening the incoming requests on http address: :8899","serviceName":"server"}
{"level":"info","time":"2020-12-03T15:06:48.686+0800","linenum":"/home/jacksie/YearEndProject/service/log/log.go:69","msg":"The router has been deployed successfully.","serviceName":"server"}
{"level":"info","time":"2020-12-03T15:06:51.811+0800","linenum":"/home/jacksie/YearEndProject/service/log/log.go:69","msg":"Wrong number or password","serviceName":"server"}
{"level":"info","time":"2020-12-03T15:06:51.812+0800","linenum":"/home/jacksie/YearEndProject/service/log/log.go:69","msg":"172.05805ms   | ::1          | GET /api/v1/data | {code: 30001, message: Wrong number or password}","serviceName":"server"}
{"level":"info","time":"2020-12-03T15:08:15.623+0800","linenum":"/home/jacksie/YearEndProject/service/log/log.go:69","msg":"Start to listening the incoming requests on http address: :8899","serviceName":"server"}
{"level":"info","time":"2020-12-03T15:08:15.624+0800","linenum":"/home/jacksie/YearEndProject/service/log/log.go:69","msg":"Waiting for the router, retry in 1 second.","serviceName":"server"}
{"level":"info","time":"2020-12-03T15:08:16.626+0800","linenum":"/home/jacksie/YearEndProject/service/log/log.go:69","msg":"The router has been deployed successfully.","serviceName":"server"}
{"level":"info","time":"2020-12-03T15:08:19.340+0800","linenum":"/home/jacksie/YearEndProject/service/log/log.go:69","msg":"Wrong number or password","serviceName":"server"}
{"level":"info","time":"2020-12-03T15:08:19.340+0800","linenum":"/home/jacksie/YearEndProject/service/log/log.go:69","msg":"164.024973ms  | ::1          | GET /api/v1/data | {code: 30001, message: Wrong number or password}","serviceName":"server"}
{"level":"info","time":"2020-12-03T15:13:07.712+0800","linenum":"/home/jacksie/YearEndProject/service/log/log.go:69","msg":"Start to listening the incoming requests on http address: :8899","serviceName":"server"}
{"level":"info","time":"2020-12-03T15:13:07.713+0800","linenum":"/home/jacksie/YearEndProject/service/log/log.go:69","msg":"Waiting for the router, retry in 1 second.","serviceName":"server"}
{"level":"info","time":"2020-12-03T15:13:08.715+0800","linenum":"/home/jacksie/YearEndProject/service/log/log.go:69","msg":"The router has been deployed successfully.","serviceName":"server"}
{"level":"info","time":"2020-12-03T15:13:10.764+0800","linenum":"/home/jacksie/YearEndProject/service/log/log.go:69","msg":"api server function called","serviceName":"server"}
{"level":"info","time":"2020-12-03T15:13:10.780+0800","linenum":"/home/jacksie/YearEndProject/service/log/log.go:69","msg":"OK","serviceName":"server"}
{"level":"info","time":"2020-12-03T15:13:10.781+0800","linenum":"/home/jacksie/YearEndProject/service/log/log.go:69","msg":"198.44986ms   | ::1          | GET /api/v1/data | {code: 0, message: OK}","serviceName":"server"}
{"level":"info","time":"2020-12-03T15:18:13.382+0800","linenum":"/home/jacksie/YearEndProject/service/log/log.go:69","msg":"Start to listening the incoming requests on http address: :8899","serviceName":"server"}
{"level":"info","time":"2020-12-03T15:18:13.382+0800","linenum":"/home/jacksie/YearEndProject/service/log/log.go:69","msg":"Waiting for the router, retry in 1 second.","serviceName":"server"}
{"level":"info","time":"2020-12-03T15:18:14.384+0800","linenum":"/home/jacksie/YearEndProject/service/log/log.go:69","msg":"The router has been deployed successfully.","serviceName":"server"}
{"level":"info","time":"2020-12-03T15:18:18.864+0800","linenum":"/home/jacksie/YearEndProject/service/log/log.go:69","msg":"api server function called","serviceName":"server"}
{"level":"info","time":"2020-12-03T15:23:29.562+0800","linenum":"/home/jacksie/YearEndProject/service/log/log.go:69","msg":"Start to listening the incoming requests on http address: :8899","serviceName":"server"}
{"level":"info","time":"2020-12-03T15:23:29.563+0800","linenum":"/home/jacksie/YearEndProject/service/log/log.go:69","msg":"Waiting for the router, retry in 1 second.","serviceName":"server"}
{"level":"info","time":"2020-12-03T15:23:30.565+0800","linenum":"/home/jacksie/YearEndProject/service/log/log.go:69","msg":"The router has been deployed successfully.","serviceName":"server"}
{"level":"info","time":"2020-12-03T15:23:33.849+0800","linenum":"/home/jacksie/YearEndProject/service/log/log.go:69","msg":"api server function called","serviceName":"server"}
{"level":"info","time":"2020-12-03T15:23:33.874+0800","linenum":"/home/jacksie/YearEndProject/service/log/log.go:69","msg":"OK","serviceName":"server"}
{"level":"info","time":"2020-12-03T15:23:33.875+0800","linenum":"/home/jacksie/YearEndProject/service/log/log.go:69","msg":"195.387823ms  | ::1          | GET /api/v1/data | {code: 0, message: OK}","serviceName":"server"}
{"level":"info","time":"2020-12-03T15:32:39.435+0800","linenum":"/home/jacksie/YearEndProject/service/log/log.go:69","msg":"api server function called","serviceName":"server"}
{"level":"info","time":"2020-12-03T15:32:39.449+0800","linenum":"/home/jacksie/YearEndProject/service/log/log.go:69","msg":"OK","serviceName":"server"}
{"level":"info","time":"2020-12-03T15:32:39.449+0800","linenum":"/home/jacksie/YearEndProject/service/log/log.go:69","msg":"56.777515ms   | ::1          | GET /api/v1/data | {code: 0, message: OK}","serviceName":"server"}
{"level":"info","time":"2020-12-03T15:32:40.418+0800","linenum":"/home/jacksie/YearEndProject/service/log/log.go:69","msg":"api server function called","serviceName":"server"}
{"level":"info","time":"2020-12-03T15:32:40.434+0800","linenum":"/home/jacksie/YearEndProject/service/log/log.go:69","msg":"OK","serviceName":"server"}
{"level":"info","time":"2020-12-03T15:32:40.435+0800","linenum":"/home/jacksie/YearEndProject/service/log/log.go:69","msg":"40.599551ms   | ::1          | GET /api/v1/data | {code: 0, message: OK}","serviceName":"server"}
{"level":"info","time":"2020-12-03T15:32:41.590+0800","linenum":"/home/jacksie/YearEndProject/service/log/log.go:69","msg":"api server function called","serviceName":"server"}
{"level":"info","time":"2020-12-03T15:32:41.609+0800","linenum":"/home/jacksie/YearEndProject/service/log/log.go:69","msg":"OK","serviceName":"server"}
{"level":"info","time":"2020-12-03T15:32:41.610+0800","linenum":"/home/jacksie/YearEndProject/service/log/log.go:69","msg":"40.665941ms   | ::1          | GET /api/v1/data | {code: 0, message: OK}","serviceName":"server"}
{"level":"info","time":"2020-12-03T15:32:42.596+0800","linenum":"/home/jacksie/YearEndProject/service/log/log.go:69","msg":"api server function called","serviceName":"server"}
{"level":"info","time":"2020-12-03T15:32:42.610+0800","linenum":"/home/jacksie/YearEndProject/service/log/log.go:69","msg":"OK","serviceName":"server"}
{"level":"info","time":"2020-12-03T15:32:42.610+0800","linenum":"/home/jacksie/YearEndProject/service/log/log.go:69","msg":"33.038827ms   | ::1          | GET /api/v1/data | {code: 0, message: OK}","serviceName":"server"}
{"level":"info","time":"2020-12-03T15:32:43.675+0800","linenum":"/home/jacksie/YearEndProject/service/log/log.go:69","msg":"api server function called","serviceName":"server"}
{"level":"info","time":"2020-12-03T15:32:43.689+0800","linenum":"/home/jacksie/YearEndProject/service/log/log.go:69","msg":"OK","serviceName":"server"}
{"level":"info","time":"2020-12-03T15:32:43.689+0800","linenum":"/home/jacksie/YearEndProject/service/log/log.go:69","msg":"37.09794ms    | ::1          | GET /api/v1/data | {code: 0, message: OK}","serviceName":"server"}
{"level":"info","time":"2020-12-03T15:32:45.021+0800","linenum":"/home/jacksie/YearEndProject/service/log/log.go:69","msg":"api server function called","serviceName":"server"}
{"level":"info","time":"2020-12-03T15:32:45.041+0800","linenum":"/home/jacksie/YearEndProject/service/log/log.go:69","msg":"OK","serviceName":"server"}
{"level":"info","time":"2020-12-03T15:32:45.042+0800","linenum":"/home/jacksie/YearEndProject/service/log/log.go:69","msg":"44.203772ms   | ::1          | GET /api/v1/data | {code: 0, message: OK}","serviceName":"server"}
{"level":"info","time":"2020-12-03T15:32:46.070+0800","linenum":"/home/jacksie/YearEndProject/service/log/log.go:69","msg":"api server function called","serviceName":"server"}
{"level":"info","time":"2020-12-03T15:32:46.092+0800","linenum":"/home/jacksie/YearEndProject/service/log/log.go:69","msg":"OK","serviceName":"server"}
{"level":"info","time":"2020-12-03T15:32:46.092+0800","linenum":"/home/jacksie/YearEndProject/service/log/log.go:69","msg":"42.902856ms   | ::1          | GET /api/v1/data | {code: 0, message: OK}","serviceName":"server"}
{"level":"info","time":"2020-12-03T15:32:47.377+0800","linenum":"/home/jacksie/YearEndProject/service/log/log.go:69","msg":"api server function called","serviceName":"server"}
{"level":"info","time":"2020-12-03T15:32:47.392+0800","linenum":"/home/jacksie/YearEndProject/service/log/log.go:69","msg":"OK","serviceName":"server"}
{"level":"info","time":"2020-12-03T15:32:47.392+0800","linenum":"/home/jacksie/YearEndProject/service/log/log.go:69","msg":"37.598766ms   | ::1          | GET /api/v1/data | {code: 0, message: OK}","serviceName":"server"}
{"level":"info","time":"2020-12-03T15:32:48.335+0800","linenum":"/home/jacksie/YearEndProject/service/log/log.go:69","msg":"api server function called","serviceName":"server"}
{"level":"info","time":"2020-12-03T15:32:48.352+0800","linenum":"/home/jacksie/YearEndProject/service/log/log.go:69","msg":"OK","serviceName":"server"}
{"level":"info","time":"2020-12-03T15:32:48.353+0800","linenum":"/home/jacksie/YearEndProject/service/log/log.go:69","msg":"38.439053ms   | ::1          | GET /api/v1/data | {code: 0, message: OK}","serviceName":"server"}
{"level":"info","time":"2020-12-03T16:31:44.063+0800","linenum":"/home/jacksie/YearEndProject/service/log/log.go:69","msg":"Start to listening the incoming requests on http address: :8899","serviceName":"server"}
{"level":"info","time":"2020-12-03T16:31:44.064+0800","linenum":"/home/jacksie/YearEndProject/service/log/log.go:69","msg":"The router has been deployed successfully.","serviceName":"server"}
{"level":"info","time":"2020-12-03T16:31:47.709+0800","linenum":"/home/jacksie/YearEndProject/service/log/log.go:69","msg":"api server function called","serviceName":"server"}
{"level":"info","time":"2020-12-03T16:33:01.377+0800","linenum":"/home/jacksie/YearEndProject/service/log/log.go:69","msg":"Start to listening the incoming requests on http address: :8899","serviceName":"server"}
{"level":"info","time":"2020-12-03T16:33:01.378+0800","linenum":"/home/jacksie/YearEndProject/service/log/log.go:69","msg":"The router has been deployed successfully.","serviceName":"server"}
{"level":"info","time":"2020-12-03T16:33:05.321+0800","linenum":"/home/jacksie/YearEndProject/service/log/log.go:69","msg":"api server function called","serviceName":"server"}
{"level":"info","time":"2020-12-03T16:35:09.305+0800","linenum":"/home/jacksie/YearEndProject/service/log/log.go:69","msg":"Start to listening the incoming requests on http address: :8899","serviceName":"server"}
{"level":"info","time":"2020-12-03T16:35:09.306+0800","linenum":"/home/jacksie/YearEndProject/service/log/log.go:69","msg":"The router has been deployed successfully.","serviceName":"server"}
{"level":"info","time":"2020-12-03T16:35:38.214+0800","linenum":"/home/jacksie/YearEndProject/service/log/log.go:69","msg":"Start to listening the incoming requests on http address: :8899","serviceName":"server"}
{"level":"info","time":"2020-12-03T16:35:38.214+0800","linenum":"/home/jacksie/YearEndProject/service/log/log.go:69","msg":"The router has been deployed successfully.","serviceName":"server"}
{"level":"info","time":"2020-12-03T16:36:47.612+0800","linenum":"/home/jacksie/YearEndProject/service/log/log.go:69","msg":"Start to listening the incoming requests on http address: :8899","serviceName":"server"}
{"level":"info","time":"2020-12-03T16:36:47.613+0800","linenum":"/home/jacksie/YearEndProject/service/log/log.go:69","msg":"The router has been deployed successfully.","serviceName":"server"}
{"level":"info","time":"2020-12-03T16:36:53.429+0800","linenum":"/home/jacksie/YearEndProject/service/log/log.go:69","msg":"Start to listening the incoming requests on http address: :8899","serviceName":"server"}
{"level":"info","time":"2020-12-03T16:36:53.430+0800","linenum":"/home/jacksie/YearEndProject/service/log/log.go:69","msg":"The router has been deployed successfully.","serviceName":"server"}
{"level":"info","time":"2020-12-03T16:36:56.232+0800","linenum":"/home/jacksie/YearEndProject/service/log/log.go:69","msg":"api server function called","serviceName":"server"}
{"level":"info","time":"2020-12-03T16:36:56.251+0800","linenum":"/home/jacksie/YearEndProject/service/log/log.go:69","msg":"OK","serviceName":"server"}
{"level":"info","time":"2020-12-03T16:36:56.251+0800","linenum":"/home/jacksie/YearEndProject/service/log/log.go:69","msg":"96.383042ms   | ::1          | GET /api/v1/data | {code: 0, message: OK}","serviceName":"server"}
{"level":"info","time":"2020-12-03T16:38:24.072+0800","linenum":"/home/jacksie/YearEndProject/service/log/log.go:69","msg":"Start to listening the incoming requests on http address: :8899","serviceName":"server"}
{"level":"info","time":"2020-12-03T16:38:24.073+0800","linenum":"/home/jacksie/YearEndProject/service/log/log.go:69","msg":"The router has been deployed successfully.","serviceName":"server"}
{"level":"info","time":"2020-12-03T16:38:26.783+0800","linenum":"/home/jacksie/YearEndProject/service/log/log.go:69","msg":"api server function called","serviceName":"server"}
{"level":"info","time":"2020-12-03T16:38:26.787+0800","linenum":"/home/jacksie/YearEndProject/service/log/log.go:69","msg":"OK","serviceName":"server"}
{"level":"info","time":"2020-12-03T16:38:26.787+0800","linenum":"/home/jacksie/YearEndProject/service/log/log.go:69","msg":"78.205725ms   | ::1          | GET /api/v1/data | {code: 0, message: OK}","serviceName":"server"}
{"level":"info","time":"2020-12-03T17:18:46.769+0800","linenum":"/home/jacksie/YearEndProject/service/log/log.go:69","msg":"Start to listening the incoming requests on http address: :8899","serviceName":"server"}
{"level":"info","time":"2020-12-03T17:18:46.769+0800","linenum":"/home/jacksie/YearEndProject/service/log/log.go:69","msg":"Waiting for the router, retry in 1 second.","serviceName":"server"}
{"level":"info","time":"2020-12-03T17:18:47.771+0800","linenum":"/home/jacksie/YearEndProject/service/log/log.go:69","msg":"The router has been deployed successfully.","serviceName":"server"}
{"level":"error","time":"2020-12-03T17:19:01.665+0800","linenum":"/home/jacksie/YearEndProject/service/log/log.go:84","msg":"Base64 decoding error.","serviceName":"server","cause":"illegal base64 data at input byte 8","source":""}
{"level":"info","time":"2020-12-03T17:19:01.674+0800","linenum":"/home/jacksie/YearEndProject/service/log/log.go:69","msg":"Wrong number or password","serviceName":"server"}
{"level":"error","time":"2020-12-03T17:19:01.675+0800","linenum":"/home/jacksie/YearEndProject/service/log/log.go:84","msg":"JSON unmarshal failed","serviceName":"server","reason":"invalid character '{' after top-level value","detail":"response body can not unmarshal to model.Response struct, body: `{\"code\":40002,\"message\":\"Base64 decoding error.: illegal base64 data at input byte 8\",\"data\":null}{\"code\":30001,\"message\":\"Wrong number or password\",\"data\":\"Wrong number or password\"}`"}
{"level":"info","time":"2020-12-03T17:19:01.675+0800","linenum":"/home/jacksie/YearEndProject/service/log/log.go:69","msg":"67.004609ms   | ::1          | GET /api/v1/data | {code: 10001, message: invalid character '{' after top-level value}","serviceName":"server"}
{"level":"info","time":"2020-12-03T17:19:59.303+0800","linenum":"/home/jacksie/YearEndProject/service/log/log.go:69","msg":"Start to listening the incoming requests on http address: :8899","serviceName":"server"}
{"level":"info","time":"2020-12-03T17:19:59.304+0800","linenum":"/home/jacksie/YearEndProject/service/log/log.go:69","msg":"The router has been deployed successfully.","serviceName":"server"}
{"level":"error","time":"2020-12-03T17:20:03.625+0800","linenum":"/home/jacksie/YearEndProject/service/log/log.go:84","msg":"Base64 decoding error.","serviceName":"server","cause":"illegal base64 data at input byte 8","source":""}
{"level":"info","time":"2020-12-03T17:20:03.626+0800","linenum":"/home/jacksie/YearEndProject/service/log/log.go:69","msg":"58.299279ms   | ::1          | GET /api/v1/data | {code: 40002, message: Base64 decoding error.: illegal base64 data at input byte 8}","serviceName":"server"}
{"level":"info","time":"2020-12-03T17:20:38.348+0800","linenum":"/home/jacksie/YearEndProject/service/log/log.go:69","msg":"api server function called","serviceName":"server"}
{"level":"info","time":"2020-12-03T17:20:38.353+0800","linenum":"/home/jacksie/YearEndProject/service/log/log.go:69","msg":"OK","serviceName":"server"}
{"level":"info","time":"2020-12-03T17:20:38.353+0800","linenum":"/home/jacksie/YearEndProject/service/log/log.go:69","msg":"39.972207ms   | ::1          | GET /api/v1/data | {code: 0, message: OK}","serviceName":"server"}
{"level":"info","time":"2020-12-03T17:21:15.394+0800","linenum":"/home/jacksie/YearEndProject/service/log/log.go:69","msg":"Start to listening the incoming requests on http address: :8899","serviceName":"server"}
{"level":"info","time":"2020-12-03T17:21:15.395+0800","linenum":"/home/jacksie/YearEndProject/service/log/log.go:69","msg":"The router has been deployed successfully.","serviceName":"server"}
{"level":"info","time":"2020-12-03T17:21:17.968+0800","linenum":"/home/jacksie/YearEndProject/service/log/log.go:69","msg":"api server function called","serviceName":"server"}
{"level":"info","time":"2020-12-03T17:21:17.975+0800","linenum":"/home/jacksie/YearEndProject/service/log/log.go:69","msg":"OK","serviceName":"server"}
{"level":"info","time":"2020-12-03T17:21:17.975+0800","linenum":"/home/jacksie/YearEndProject/service/log/log.go:69","msg":"105.6967ms    | ::1          | GET /api/v1/data | {code: 0, message: OK}","serviceName":"server"}
{"level":"info","time":"2020-12-03T22:58:46.193+0800","linenum":"/home/jacksie/YearEndProject/service/log/log.go:69","msg":"Start to listening the incoming requests on http address: :8899","serviceName":"server"}
{"level":"info","time":"2020-12-03T22:58:46.193+0800","linenum":"/home/jacksie/YearEndProject/service/log/log.go:69","msg":"listen tcp :8899: bind: address already in use","serviceName":"server"}
{"level":"info","time":"2020-12-03T22:59:05.984+0800","linenum":"/home/jacksie/YearEndProject/service/log/log.go:69","msg":"Start to listening the incoming requests on http address: :8899","serviceName":"server"}
{"level":"info","time":"2020-12-03T22:59:05.985+0800","linenum":"/home/jacksie/YearEndProject/service/log/log.go:69","msg":"listen tcp :8899: bind: address already in use","serviceName":"server"}
{"level":"info","time":"2020-12-03T22:59:20.759+0800","linenum":"/home/jacksie/YearEndProject/service/log/log.go:69","msg":"Start to listening the incoming requests on http address: :8899","serviceName":"server"}
{"level":"info","time":"2020-12-03T22:59:20.760+0800","linenum":"/home/jacksie/YearEndProject/service/log/log.go:69","msg":"The router has been deployed successfully.","serviceName":"server"}
{"level":"info","time":"2020-12-04T21:09:47.226+0800","linenum":"/home/jacksie/YearEndProject/service/log/log.go:69","msg":"Start to listening the incoming requests on http address: :8899","serviceName":"server"}
{"level":"info","time":"2020-12-04T21:09:47.226+0800","linenum":"/home/jacksie/YearEndProject/service/log/log.go:69","msg":"Waiting for the router, retry in 1 second.","serviceName":"server"}
{"level":"info","time":"2020-12-04T21:09:48.228+0800","linenum":"/home/jacksie/YearEndProject/service/log/log.go:69","msg":"The router has been deployed successfully.","serviceName":"server"}
{"level":"info","time":"2020-12-04T21:09:56.461+0800","linenum":"/home/jacksie/YearEndProject/service/log/log.go:69","msg":"api server function called","serviceName":"server"}
{"level":"info","time":"2020-12-04T21:09:56.477+0800","linenum":"/home/jacksie/YearEndProject/service/log/log.go:69","msg":"OK","serviceName":"server"}
{"level":"info","time":"2020-12-04T21:09:56.479+0800","linenum":"/home/jacksie/YearEndProject/service/log/log.go:69","msg":"101.816475ms  | ::1          | GET /api/v1/data | {code: 0, message: OK}","serviceName":"server"}
{"level":"info","time":"2020-12-04T21:10:07.011+0800","linenum":"/home/jacksie/YearEndProject/service/log/log.go:69","msg":"api server function called","serviceName":"server"}
{"level":"info","time":"2020-12-04T21:10:07.022+0800","linenum":"/home/jacksie/YearEndProject/service/log/log.go:69","msg":"OK","serviceName":"server"}
{"level":"info","time":"2020-12-04T21:10:07.022+0800","linenum":"/home/jacksie/YearEndProject/service/log/log.go:69","msg":"36.012516ms   | ::1          | GET /api/v1/data | {code: 0, message: OK}","serviceName":"server"}
{"level":"info","time":"2020-12-04T21:10:08.257+0800","linenum":"/home/jacksie/YearEndProject/service/log/log.go:69","msg":"api server function called","serviceName":"server"}
{"level":"info","time":"2020-12-04T21:10:08.265+0800","linenum":"/home/jacksie/YearEndProject/service/log/log.go:69","msg":"OK","serviceName":"server"}
{"level":"info","time":"2020-12-04T21:10:08.265+0800","linenum":"/home/jacksie/YearEndProject/service/log/log.go:69","msg":"33.015174ms   | ::1          | GET /api/v1/data | {code: 0, message: OK}","serviceName":"server"}
{"level":"info","time":"2020-12-04T21:10:09.105+0800","linenum":"/home/jacksie/YearEndProject/service/log/log.go:69","msg":"api server function called","serviceName":"server"}
{"level":"info","time":"2020-12-04T21:10:09.110+0800","linenum":"/home/jacksie/YearEndProject/service/log/log.go:69","msg":"OK","serviceName":"server"}
{"level":"info","time":"2020-12-04T21:10:09.110+0800","linenum":"/home/jacksie/YearEndProject/service/log/log.go:69","msg":"38.195255ms   | ::1          | GET /api/v1/data | {code: 0, message: OK}","serviceName":"server"}
{"level":"info","time":"2020-12-04T21:10:10.034+0800","linenum":"/home/jacksie/YearEndProject/service/log/log.go:69","msg":"api server function called","serviceName":"server"}
{"level":"info","time":"2020-12-04T21:10:10.038+0800","linenum":"/home/jacksie/YearEndProject/service/log/log.go:69","msg":"OK","serviceName":"server"}
{"level":"info","time":"2020-12-04T21:10:10.038+0800","linenum":"/home/jacksie/YearEndProject/service/log/log.go:69","msg":"23.58144ms    | ::1          | GET /api/v1/data | {code: 0, message: OK}","serviceName":"server"}
{"level":"info","time":"2020-12-04T21:10:11.924+0800","linenum":"/home/jacksie/YearEndProject/service/log/log.go:69","msg":"api server function called","serviceName":"server"}
{"level":"info","time":"2020-12-04T21:10:11.930+0800","linenum":"/home/jacksie/YearEndProject/service/log/log.go:69","msg":"OK","serviceName":"server"}
{"level":"info","time":"2020-12-04T21:10:11.930+0800","linenum":"/home/jacksie/YearEndProject/service/log/log.go:69","msg":"27.660636ms   | ::1          | GET /api/v1/data | {code: 0, message: OK}","serviceName":"server"}
{"level":"info","time":"2020-12-04T21:10:12.770+0800","linenum":"/home/jacksie/YearEndProject/service/log/log.go:69","msg":"api server function called","serviceName":"server"}
{"level":"info","time":"2020-12-04T21:10:12.776+0800","linenum":"/home/jacksie/YearEndProject/service/log/log.go:69","msg":"OK","serviceName":"server"}
{"level":"info","time":"2020-12-04T21:10:12.776+0800","linenum":"/home/jacksie/YearEndProject/service/log/log.go:69","msg":"26.855015ms   | ::1          | GET /api/v1/data | {code: 0, message: OK}","serviceName":"server"}
{"level":"info","time":"2020-12-05T10:39:22.272+0800","linenum":"/home/jacksie/YearEndProject/service/log/log.go:69","msg":"Start to listening the incoming requests on http address: :8899","serviceName":"server"}
{"level":"info","time":"2020-12-05T10:39:22.273+0800","linenum":"/home/jacksie/YearEndProject/service/log/log.go:69","msg":"Waiting for the router, retry in 1 second.","serviceName":"server"}
{"level":"info","time":"2020-12-05T10:39:23.275+0800","linenum":"/home/jacksie/YearEndProject/service/log/log.go:69","msg":"The router has been deployed successfully.","serviceName":"server"}
{"level":"info","time":"2020-12-05T10:39:43.979+0800","linenum":"/home/jacksie/YearEndProject/service/log/log.go:69","msg":"api server function called","serviceName":"server"}
{"level":"info","time":"2020-12-05T10:39:43.989+0800","linenum":"/home/jacksie/YearEndProject/service/log/log.go:69","msg":"OK","serviceName":"server"}
{"level":"info","time":"2020-12-05T10:39:43.989+0800","linenum":"/home/jacksie/YearEndProject/service/log/log.go:69","msg":"134.589771ms  | ::1          | GET /api/v1/data | {code: 0, message: OK}","serviceName":"server"}
{"level":"info","time":"2020-12-05T10:39:48.458+0800","linenum":"/home/jacksie/YearEndProject/service/log/log.go:69","msg":"api server function called","serviceName":"server"}
{"level":"info","time":"2020-12-05T10:39:48.463+0800","linenum":"/home/jacksie/YearEndProject/service/log/log.go:69","msg":"OK","serviceName":"server"}
{"level":"info","time":"2020-12-05T10:39:48.463+0800","linenum":"/home/jacksie/YearEndProject/service/log/log.go:69","msg":"37.334869ms   | ::1          | GET /api/v1/data | {code: 0, message: OK}","serviceName":"server"}
{"level":"info","time":"2020-12-05T10:39:50.104+0800","linenum":"/home/jacksie/YearEndProject/service/log/log.go:69","msg":"api server function called","serviceName":"server"}
{"level":"info","time":"2020-12-05T10:39:50.121+0800","linenum":"/home/jacksie/YearEndProject/service/log/log.go:69","msg":"OK","serviceName":"server"}
{"level":"info","time":"2020-12-05T10:39:50.121+0800","linenum":"/home/jacksie/YearEndProject/service/log/log.go:69","msg":"275.640442ms  | ::1          | GET /api/v1/data | {code: 0, message: OK}","serviceName":"server"}
{"level":"info","time":"2020-12-05T10:39:51.107+0800","linenum":"/home/jacksie/YearEndProject/service/log/log.go:69","msg":"api server function called","serviceName":"server"}
{"level":"info","time":"2020-12-05T10:39:51.111+0800","linenum":"/home/jacksie/YearEndProject/service/log/log.go:69","msg":"OK","serviceName":"server"}
{"level":"info","time":"2020-12-05T10:39:51.111+0800","linenum":"/home/jacksie/YearEndProject/service/log/log.go:69","msg":"49.912874ms   | ::1          | GET /api/v1/data | {code: 0, message: OK}","serviceName":"server"}
{"level":"info","time":"2020-12-05T10:39:52.228+0800","linenum":"/home/jacksie/YearEndProject/service/log/log.go:69","msg":"api server function called","serviceName":"server"}
{"level":"info","time":"2020-12-05T10:39:52.243+0800","linenum":"/home/jacksie/YearEndProject/service/log/log.go:69","msg":"OK","serviceName":"server"}
{"level":"info","time":"2020-12-05T10:39:52.243+0800","linenum":"/home/jacksie/YearEndProject/service/log/log.go:69","msg":"47.825963ms   | ::1          | GET /api/v1/data | {code: 0, message: OK}","serviceName":"server"}
{"level":"info","time":"2020-12-05T10:39:53.551+0800","linenum":"/home/jacksie/YearEndProject/service/log/log.go:69","msg":"api server function called","serviceName":"server"}
{"level":"info","time":"2020-12-05T10:39:53.555+0800","linenum":"/home/jacksie/YearEndProject/service/log/log.go:69","msg":"OK","serviceName":"server"}
{"level":"info","time":"2020-12-05T10:39:53.555+0800","linenum":"/home/jacksie/YearEndProject/service/log/log.go:69","msg":"38.502783ms   | ::1          | GET /api/v1/data | {code: 0, message: OK}","serviceName":"server"}
{"level":"info","time":"2020-12-05T10:39:54.918+0800","linenum":"/home/jacksie/YearEndProject/service/log/log.go:69","msg":"api server function called","serviceName":"server"}
{"level":"info","time":"2020-12-05T10:39:54.924+0800","linenum":"/home/jacksie/YearEndProject/service/log/log.go:69","msg":"OK","serviceName":"server"}
{"level":"info","time":"2020-12-05T10:39:54.924+0800","linenum":"/home/jacksie/YearEndProject/service/log/log.go:69","msg":"45.219083ms   | ::1          | GET /api/v1/data | {code: 0, message: OK}","serviceName":"server"}
{"level":"info","time":"2020-12-05T10:39:55.976+0800","linenum":"/home/jacksie/YearEndProject/service/log/log.go:69","msg":"api server function called","serviceName":"server"}
{"level":"info","time":"2020-12-05T10:39:55.980+0800","linenum":"/home/jacksie/YearEndProject/service/log/log.go:69","msg":"OK","serviceName":"server"}
{"level":"info","time":"2020-12-05T10:39:55.981+0800","linenum":"/home/jacksie/YearEndProject/service/log/log.go:69","msg":"45.785464ms   | ::1          | GET /api/v1/data | {code: 0, message: OK}","serviceName":"server"}
{"level":"info","time":"2020-12-05T10:39:57.122+0800","linenum":"/home/jacksie/YearEndProject/service/log/log.go:69","msg":"api server function called","serviceName":"server"}
{"level":"info","time":"2020-12-05T10:39:57.138+0800","linenum":"/home/jacksie/YearEndProject/service/log/log.go:69","msg":"OK","serviceName":"server"}
{"level":"info","time":"2020-12-05T10:39:57.138+0800","linenum":"/home/jacksie/YearEndProject/service/log/log.go:69","msg":"136.460483ms  | ::1          | GET /api/v1/data | {code: 0, message: OK}","serviceName":"server"}
{"level":"info","time":"2020-12-05T10:39:58.130+0800","linenum":"/home/jacksie/YearEndProject/service/log/log.go:69","msg":"api server function called","serviceName":"server"}
{"level":"info","time":"2020-12-05T10:39:58.146+0800","linenum":"/home/jacksie/YearEndProject/service/log/log.go:69","msg":"OK","serviceName":"server"}
{"level":"info","time":"2020-12-05T10:39:58.147+0800","linenum":"/home/jacksie/YearEndProject/service/log/log.go:69","msg":"46.015627ms   | ::1          | GET /api/v1/data | {code: 0, message: OK}","serviceName":"server"}
{"level":"info","time":"2020-12-05T10:39:59.152+0800","linenum":"/home/jacksie/YearEndProject/service/log/log.go:69","msg":"api server function called","serviceName":"server"}
{"level":"info","time":"2020-12-05T10:39:59.166+0800","linenum":"/home/jacksie/YearEndProject/service/log/log.go:69","msg":"OK","serviceName":"server"}
{"level":"info","time":"2020-12-05T10:39:59.167+0800","linenum":"/home/jacksie/YearEndProject/service/log/log.go:69","msg":"48.357481ms   | ::1          | GET /api/v1/data | {code: 0, message: OK}","serviceName":"server"}
{"level":"info","time":"2020-12-05T10:40:00.244+0800","linenum":"/home/jacksie/YearEndProject/service/log/log.go:69","msg":"api server function called","serviceName":"server"}
{"level":"info","time":"2020-12-05T10:40:00.248+0800","linenum":"/home/jacksie/YearEndProject/service/log/log.go:69","msg":"OK","serviceName":"server"}
{"level":"info","time":"2020-12-05T10:40:00.248+0800","linenum":"/home/jacksie/YearEndProject/service/log/log.go:69","msg":"43.961044ms   | ::1          | GET /api/v1/data | {code: 0, message: OK}","serviceName":"server"}
{"level":"info","time":"2020-12-05T10:40:01.323+0800","linenum":"/home/jacksie/YearEndProject/service/log/log.go:69","msg":"api server function called","serviceName":"server"}
{"level":"info","time":"2020-12-05T10:40:01.340+0800","linenum":"/home/jacksie/YearEndProject/service/log/log.go:69","msg":"OK","serviceName":"server"}
{"level":"info","time":"2020-12-05T10:40:01.341+0800","linenum":"/home/jacksie/YearEndProject/service/log/log.go:69","msg":"113.953381ms  | ::1          | GET /api/v1/data | {code: 0, message: OK}","serviceName":"server"}
{"level":"info","time":"2020-12-05T10:40:02.905+0800","linenum":"/home/jacksie/YearEndProject/service/log/log.go:69","msg":"api server function called","serviceName":"server"}
{"level":"info","time":"2020-12-05T10:40:02.920+0800","linenum":"/home/jacksie/YearEndProject/service/log/log.go:69","msg":"OK","serviceName":"server"}
{"level":"info","time":"2020-12-05T10:40:02.921+0800","linenum":"/home/jacksie/YearEndProject/service/log/log.go:69","msg":"592.033222ms  | ::1          | GET /api/v1/data | {code: 0, message: OK}","serviceName":"server"}
{"level":"info","time":"2020-12-05T10:40:04.134+0800","linenum":"/home/jacksie/YearEndProject/service/log/log.go:69","msg":"api server function called","serviceName":"server"}
{"level":"info","time":"2020-12-05T10:40:04.150+0800","linenum":"/home/jacksie/YearEndProject/service/log/log.go:69","msg":"OK","serviceName":"server"}
{"level":"info","time":"2020-12-05T10:40:04.150+0800","linenum":"/home/jacksie/YearEndProject/service/log/log.go:69","msg":"96.533347ms   | ::1          | GET /api/v1/data | {code: 0, message: OK}","serviceName":"server"}
{"level":"info","time":"2020-12-05T10:40:05.175+0800","linenum":"/home/jacksie/YearEndProject/service/log/log.go:69","msg":"api server function called","serviceName":"server"}
{"level":"info","time":"2020-12-05T10:40:05.192+0800","linenum":"/home/jacksie/YearEndProject/service/log/log.go:69","msg":"OK","serviceName":"server"}
{"level":"info","time":"2020-12-05T10:40:05.192+0800","linenum":"/home/jacksie/YearEndProject/service/log/log.go:69","msg":"63.611371ms   | ::1          | GET /api/v1/data | {code: 0, message: OK}","serviceName":"server"}
{"level":"info","time":"2020-12-05T10:40:06.296+0800","linenum":"/home/jacksie/YearEndProject/service/log/log.go:69","msg":"api server function called","serviceName":"server"}
{"level":"info","time":"2020-12-05T10:40:06.313+0800","linenum":"/home/jacksie/YearEndProject/service/log/log.go:69","msg":"OK","serviceName":"server"}
{"level":"info","time":"2020-12-05T10:40:06.313+0800","linenum":"/home/jacksie/YearEndProject/service/log/log.go:69","msg":"80.373626ms   | ::1          | GET /api/v1/data | {code: 0, message: OK}","serviceName":"server"}
{"level":"info","time":"2020-12-05T10:40:07.381+0800","linenum":"/home/jacksie/YearEndProject/service/log/log.go:69","msg":"api server function called","serviceName":"server"}
{"level":"info","time":"2020-12-05T10:40:07.384+0800","linenum":"/home/jacksie/YearEndProject/service/log/log.go:69","msg":"OK","serviceName":"server"}
{"level":"info","time":"2020-12-05T10:40:07.384+0800","linenum":"/home/jacksie/YearEndProject/service/log/log.go:69","msg":"36.931969ms   | ::1          | GET /api/v1/data | {code: 0, message: OK}","serviceName":"server"}
{"level":"info","time":"2020-12-05T10:40:08.604+0800","linenum":"/home/jacksie/YearEndProject/service/log/log.go:69","msg":"api server function called","serviceName":"server"}
{"level":"info","time":"2020-12-05T10:40:08.621+0800","linenum":"/home/jacksie/YearEndProject/service/log/log.go:69","msg":"OK","serviceName":"server"}
{"level":"info","time":"2020-12-05T10:40:08.622+0800","linenum":"/home/jacksie/YearEndProject/service/log/log.go:69","msg":"75.438599ms   | ::1          | GET /api/v1/data | {code: 0, message: OK}","serviceName":"server"}
{"level":"info","time":"2020-12-05T10:40:09.627+0800","linenum":"/home/jacksie/YearEndProject/service/log/log.go:69","msg":"api server function called","serviceName":"server"}
{"level":"info","time":"2020-12-05T10:40:09.646+0800","linenum":"/home/jacksie/YearEndProject/service/log/log.go:69","msg":"OK","serviceName":"server"}
{"level":"info","time":"2020-12-05T10:40:09.646+0800","linenum":"/home/jacksie/YearEndProject/service/log/log.go:69","msg":"61.93925ms    | ::1          | GET /api/v1/data | {code: 0, message: OK}","serviceName":"server"}
{"level":"info","time":"2020-12-05T10:40:10.624+0800","linenum":"/home/jacksie/YearEndProject/service/log/log.go:69","msg":"api server function called","serviceName":"server"}
{"level":"info","time":"2020-12-05T10:40:10.627+0800","linenum":"/home/jacksie/YearEndProject/service/log/log.go:69","msg":"OK","serviceName":"server"}
{"level":"info","time":"2020-12-05T10:40:10.627+0800","linenum":"/home/jacksie/YearEndProject/service/log/log.go:69","msg":"53.292611ms   | ::1          | GET /api/v1/data | {code: 0, message: OK}","serviceName":"server"}
{"level":"info","time":"2020-12-05T10:40:11.670+0800","linenum":"/home/jacksie/YearEndProject/service/log/log.go:69","msg":"api server function called","serviceName":"server"}
{"level":"info","time":"2020-12-05T10:40:11.690+0800","linenum":"/home/jacksie/YearEndProject/service/log/log.go:69","msg":"OK","serviceName":"server"}
{"level":"info","time":"2020-12-05T10:40:11.690+0800","linenum":"/home/jacksie/YearEndProject/service/log/log.go:69","msg":"83.717077ms   | ::1          | GET /api/v1/data | {code: 0, message: OK}","serviceName":"server"}
{"level":"info","time":"2020-12-05T10:40:12.546+0800","linenum":"/home/jacksie/YearEndProject/service/log/log.go:69","msg":"api server function called","serviceName":"server"}
{"level":"info","time":"2020-12-05T10:40:12.557+0800","linenum":"/home/jacksie/YearEndProject/service/log/log.go:69","msg":"OK","serviceName":"server"}
{"level":"info","time":"2020-12-05T10:40:12.558+0800","linenum":"/home/jacksie/YearEndProject/service/log/log.go:69","msg":"56.25499ms    | ::1          | GET /api/v1/data | {code: 0, message: OK}","serviceName":"server"}
{"level":"info","time":"2020-12-05T10:40:13.398+0800","linenum":"/home/jacksie/YearEndProject/service/log/log.go:69","msg":"api server function called","serviceName":"server"}
{"level":"info","time":"2020-12-05T10:40:13.415+0800","linenum":"/home/jacksie/YearEndProject/service/log/log.go:69","msg":"OK","serviceName":"server"}
{"level":"info","time":"2020-12-05T10:40:13.415+0800","linenum":"/home/jacksie/YearEndProject/service/log/log.go:69","msg":"47.29051ms    | ::1          | GET /api/v1/data | {code: 0, message: OK}","serviceName":"server"}
{"level":"info","time":"2020-12-05T10:40:14.533+0800","linenum":"/home/jacksie/YearEndProject/service/log/log.go:69","msg":"api server function called","serviceName":"server"}
{"level":"info","time":"2020-12-05T10:40:14.554+0800","linenum":"/home/jacksie/YearEndProject/service/log/log.go:69","msg":"OK","serviceName":"server"}
{"level":"info","time":"2020-12-05T10:40:14.554+0800","linenum":"/home/jacksie/YearEndProject/service/log/log.go:69","msg":"282.941526ms  | ::1          | GET /api/v1/data | {code: 0, message: OK}","serviceName":"server"}
{"level":"info","time":"2020-12-05T10:40:15.488+0800","linenum":"/home/jacksie/YearEndProject/service/log/log.go:69","msg":"api server function called","serviceName":"server"}
{"level":"info","time":"2020-12-05T10:40:15.505+0800","linenum":"/home/jacksie/YearEndProject/service/log/log.go:69","msg":"OK","serviceName":"server"}
{"level":"info","time":"2020-12-05T10:40:15.506+0800","linenum":"/home/jacksie/YearEndProject/service/log/log.go:69","msg":"51.060991ms   | ::1          | GET /api/v1/data | {code: 0, message: OK}","serviceName":"server"}
{"level":"info","time":"2020-12-05T10:40:16.409+0800","linenum":"/home/jacksie/YearEndProject/service/log/log.go:69","msg":"api server function called","serviceName":"server"}
{"level":"info","time":"2020-12-05T10:40:16.414+0800","linenum":"/home/jacksie/YearEndProject/service/log/log.go:69","msg":"OK","serviceName":"server"}
{"level":"info","time":"2020-12-05T10:40:16.415+0800","linenum":"/home/jacksie/YearEndProject/service/log/log.go:69","msg":"42.125455ms   | ::1          | GET /api/v1/data | {code: 0, message: OK}","serviceName":"server"}
{"level":"info","time":"2020-12-05T10:40:17.357+0800","linenum":"/home/jacksie/YearEndProject/service/log/log.go:69","msg":"api server function called","serviceName":"server"}
{"level":"info","time":"2020-12-05T10:40:17.361+0800","linenum":"/home/jacksie/YearEndProject/service/log/log.go:69","msg":"OK","serviceName":"server"}
{"level":"info","time":"2020-12-05T10:40:17.361+0800","linenum":"/home/jacksie/YearEndProject/service/log/log.go:69","msg":"36.133236ms   | ::1          | GET /api/v1/data | {code: 0, message: OK}","serviceName":"server"}
{"level":"info","time":"2020-12-05T10:40:18.189+0800","linenum":"/home/jacksie/YearEndProject/service/log/log.go:69","msg":"api server function called","serviceName":"server"}
{"level":"info","time":"2020-12-05T10:40:18.193+0800","linenum":"/home/jacksie/YearEndProject/service/log/log.go:69","msg":"OK","serviceName":"server"}
{"level":"info","time":"2020-12-05T10:40:18.193+0800","linenum":"/home/jacksie/YearEndProject/service/log/log.go:69","msg":"38.154172ms   | ::1          | GET /api/v1/data | {code: 0, message: OK}","serviceName":"server"}
{"level":"info","time":"2020-12-05T10:40:19.109+0800","linenum":"/home/jacksie/YearEndProject/service/log/log.go:69","msg":"api server function called","serviceName":"server"}
{"level":"info","time":"2020-12-05T10:40:19.120+0800","linenum":"/home/jacksie/YearEndProject/service/log/log.go:69","msg":"OK","serviceName":"server"}
{"level":"info","time":"2020-12-05T10:40:19.120+0800","linenum":"/home/jacksie/YearEndProject/service/log/log.go:69","msg":"40.625879ms   | ::1          | GET /api/v1/data | {code: 0, message: OK}","serviceName":"server"}
{"level":"info","time":"2020-12-05T10:40:19.977+0800","linenum":"/home/jacksie/YearEndProject/service/log/log.go:69","msg":"api server function called","serviceName":"server"}
{"level":"info","time":"2020-12-05T10:40:19.984+0800","linenum":"/home/jacksie/YearEndProject/service/log/log.go:69","msg":"OK","serviceName":"server"}
{"level":"info","time":"2020-12-05T10:40:19.984+0800","linenum":"/home/jacksie/YearEndProject/service/log/log.go:69","msg":"69.77253ms    | ::1          | GET /api/v1/data | {code: 0, message: OK}","serviceName":"server"}
{"level":"info","time":"2020-12-05T10:40:20.994+0800","linenum":"/home/jacksie/YearEndProject/service/log/log.go:69","msg":"api server function called","serviceName":"server"}
{"level":"info","time":"2020-12-05T10:40:21.011+0800","linenum":"/home/jacksie/YearEndProject/service/log/log.go:69","msg":"OK","serviceName":"server"}
{"level":"info","time":"2020-12-05T10:40:21.012+0800","linenum":"/home/jacksie/YearEndProject/service/log/log.go:69","msg":"272.810925ms  | ::1          | GET /api/v1/data | {code: 0, message: OK}","serviceName":"server"}
{"level":"info","time":"2020-12-05T10:40:21.907+0800","linenum":"/home/jacksie/YearEndProject/service/log/log.go:69","msg":"api server function called","serviceName":"server"}
{"level":"info","time":"2020-12-05T10:40:21.911+0800","linenum":"/home/jacksie/YearEndProject/service/log/log.go:69","msg":"OK","serviceName":"server"}
{"level":"info","time":"2020-12-05T10:40:21.912+0800","linenum":"/home/jacksie/YearEndProject/service/log/log.go:69","msg":"44.490819ms   | ::1          | GET /api/v1/data | {code: 0, message: OK}","serviceName":"server"}
{"level":"info","time":"2020-12-05T10:40:22.716+0800","linenum":"/home/jacksie/YearEndProject/service/log/log.go:69","msg":"api server function called","serviceName":"server"}
{"level":"info","time":"2020-12-05T10:40:22.724+0800","linenum":"/home/jacksie/YearEndProject/service/log/log.go:69","msg":"OK","serviceName":"server"}
{"level":"info","time":"2020-12-05T10:40:22.724+0800","linenum":"/home/jacksie/YearEndProject/service/log/log.go:69","msg":"35.045644ms   | ::1          | GET /api/v1/data | {code: 0, message: OK}","serviceName":"server"}
{"level":"info","time":"2020-12-05T10:40:23.541+0800","linenum":"/home/jacksie/YearEndProject/service/log/log.go:69","msg":"api server function called","serviceName":"server"}
{"level":"info","time":"2020-12-05T10:40:23.546+0800","linenum":"/home/jacksie/YearEndProject/service/log/log.go:69","msg":"OK","serviceName":"server"}
{"level":"info","time":"2020-12-05T10:40:23.546+0800","linenum":"/home/jacksie/YearEndProject/service/log/log.go:69","msg":"37.71084ms    | ::1          | GET /api/v1/data | {code: 0, message: OK}","serviceName":"server"}
{"level":"info","time":"2020-12-05T10:40:24.366+0800","linenum":"/home/jacksie/YearEndProject/service/log/log.go:69","msg":"api server function called","serviceName":"server"}
{"level":"info","time":"2020-12-05T10:40:24.370+0800","linenum":"/home/jacksie/YearEndProject/service/log/log.go:69","msg":"OK","serviceName":"server"}
{"level":"info","time":"2020-12-05T10:40:24.370+0800","linenum":"/home/jacksie/YearEndProject/service/log/log.go:69","msg":"33.429983ms   | ::1          | GET /api/v1/data | {code: 0, message: OK}","serviceName":"server"}
